2020-02-13 10:33:14,846 - basicLogger - INFO - {'patient_id': '3fa85f64-5717-4562-b3fc-2c963f66afa6', 'result': 'string', 'timestamp': '2023-01-09T18:51:16.953Z'}
2020-02-26 17:39:44,229 - basicLogger - INFO - {'patient_id': '3fa85f64-5717-4562-b3fc-2c963f66afa6', 'result': 'string', 'timestamp': '2023-01-09T18:51:16.953Z'}
2020-02-26 17:39:44,238 - basicLogger - INFO - {'patient_id': '3fa85f64-5717-4562-b3fc-2c963f66afa6', 'result': 'string', 'timestamp': '2023-01-09T18:51:16.953Z'}
2020-02-26 17:39:44,246 - basicLogger - INFO - {'patient_id': '3fa85f64-5717-4562-b3fc-2c963f66afa6', 'result': 'AAAAA', 'timestamp': '2023-01-09T18:51:16.953Z'}
2020-02-26 17:39:44,260 - basicLogger - INFO - {'patient_id': '3fa85f64-5717-4562-b3fc-2c963f66afa6', 'bookingDate': '2020-01-09T18:51:16.953Z', 'surgeryDate': '2020-28-09T18:51:16.953Z'}
2020-02-26 17:39:44,271 - basicLogger - INFO - {'patient_id': '3fa85f64-5717-4562-b3fc-2c963f66afa6', 'bookingDate': '2020-01-09T18:51:16.953Z', 'surgeryDate': '2020-28-09T18:51:16.953Z'}
2020-02-26 17:39:44,278 - basicLogger - INFO - {'patient_id': 'xnlvmigmfy', 'result': 'zcbqrfbvscifypxjplrv', 'timestamp': '2022-01-09T18:51:16.953Z'}
2020-02-26 17:39:44,286 - basicLogger - INFO - {'patient_id': 'qedmisaezj', 'result': 'xstszdprbqmlsysiicuo', 'timestamp': '2022-01-09T18:51:16.953Z'}
2020-02-26 17:39:44,292 - basicLogger - INFO - {'patient_id': 'bfhwkxxxno', 'result': 'itpdxqunzjizsfqylkht', 'timestamp': '2022-01-09T18:51:16.953Z'}
2020-02-26 17:39:44,299 - basicLogger - INFO - {'patient_id': 'pwcxmfcsuv', 'result': 'eyueazjlmscpdquhvuoy', 'timestamp': '2022-01-09T18:51:16.953Z'}
2020-02-26 17:39:44,306 - basicLogger - INFO - {'patient_id': 'brsaslccot', 'result': 'nxnrlwerltjyffvgigwz', 'timestamp': '2022-01-09T18:51:16.953Z'}
2020-02-26 17:39:44,316 - basicLogger - INFO - {'patient_id': 'amkennwhrb', 'result': 'rcrfmfupjmgmmsedvabs', 'timestamp': '2022-01-09T18:51:16.953Z'}
2020-02-26 17:39:44,322 - basicLogger - INFO - {'patient_id': 'iztucbvzac', 'result': 'watlpingixndzltusslw', 'timestamp': '2022-01-09T18:51:16.953Z'}
2020-02-26 17:39:44,329 - basicLogger - INFO - {'patient_id': 'rkuzosnopz', 'result': 'ynjxbaqstqvoztswnstw', 'timestamp': '2022-01-09T18:51:16.953Z'}
2020-02-26 17:39:44,336 - basicLogger - INFO - {'patient_id': 'hvwfbindev', 'result': 'khumzzondqltkomtclfr', 'timestamp': '2022-01-09T18:51:16.953Z'}
2020-02-26 17:39:44,342 - basicLogger - INFO - {'patient_id': 'nnfvmvlidd', 'bookingDate': '2021-01-09T18:51:16.953Z', 'surgeryDate': '2021-28-09T18:51:16.953Z'}
2020-02-26 17:39:44,349 - basicLogger - INFO - {'patient_id': 'nzwbxszttc', 'bookingDate': '2021-01-09T18:51:16.953Z', 'surgeryDate': '2021-28-09T18:51:16.953Z'}
2020-02-26 17:39:44,355 - basicLogger - INFO - {'patient_id': 'lgohdklpeo', 'bookingDate': '2021-01-09T18:51:16.953Z', 'surgeryDate': '2021-28-09T18:51:16.953Z'}
2020-02-26 17:39:44,363 - basicLogger - INFO - {'patient_id': 'nytnlzbgvc', 'bookingDate': '2021-01-09T18:51:16.953Z', 'surgeryDate': '2021-28-09T18:51:16.953Z'}
2020-02-26 17:39:44,369 - basicLogger - INFO - {'patient_id': 'nsgvesomno', 'bookingDate': '2021-01-09T18:51:16.953Z', 'surgeryDate': '2021-28-09T18:51:16.953Z'}
2020-02-26 17:39:44,377 - basicLogger - INFO - {'patient_id': 'vvrwciczxv', 'bookingDate': '2021-01-09T18:51:16.953Z', 'surgeryDate': '2021-28-09T18:51:16.953Z'}
2020-02-26 17:39:44,383 - basicLogger - INFO - {'patient_id': 'xtyjnuztmv', 'bookingDate': '2021-01-09T18:51:16.953Z', 'surgeryDate': '2021-28-09T18:51:16.953Z'}
2020-02-26 17:39:44,390 - basicLogger - INFO - {'patient_id': 'slepwxcbkp', 'bookingDate': '2021-01-09T18:51:16.953Z', 'surgeryDate': '2021-28-09T18:51:16.953Z'}
2020-02-26 17:39:44,397 - basicLogger - INFO - {'patient_id': 'jqrdgllalx', 'bookingDate': '2021-01-09T18:51:16.953Z', 'surgeryDate': '2021-28-09T18:51:16.953Z'}
2020-02-26 17:39:44,405 - basicLogger - INFO - {'patient_id': 'jgevnztaym', 'result': 'dwfuormipoozrvtlqbyu', 'timestamp': '2022-01-09T18:51:16.953Z'}
2020-02-26 17:39:44,412 - basicLogger - INFO - {'patient_id': 'izxhygimik', 'result': 'daulnykbinpeqqfcojiy', 'timestamp': '2022-01-09T18:51:16.953Z'}
2020-02-26 17:39:44,421 - basicLogger - INFO - {'patient_id': 'xkdpoakkxk', 'result': 'ymdqmkvxurkrklxnpiou', 'timestamp': '2022-01-09T18:51:16.953Z'}
2020-02-26 17:39:44,429 - basicLogger - INFO - {'patient_id': 'kkvgqgikll', 'result': 'dihjumrvfhwiuglxzsxp', 'timestamp': '2022-01-09T18:51:16.953Z'}
2020-02-26 17:39:44,435 - basicLogger - INFO - {'patient_id': 'gzpszkmunx', 'result': 'qrycfgznzhtjspnpmigj', 'timestamp': '2022-01-09T18:51:16.953Z'}
2020-02-26 17:39:44,443 - basicLogger - INFO - {'patient_id': 'lyxolpzpag', 'result': 'bycyckhsvmdkytdfsrvy', 'timestamp': '2022-01-09T18:51:16.953Z'}
2020-02-26 17:39:44,450 - basicLogger - INFO - {'patient_id': 'lahdvczjhs', 'result': 'sqicmymrkjqblpfzpenq', 'timestamp': '2022-01-09T18:51:16.953Z'}
2020-02-26 17:39:44,456 - basicLogger - INFO - {'patient_id': 'xjkbtugmmh', 'result': 'bibboickdbuidnxjywvd', 'timestamp': '2022-01-09T18:51:16.953Z'}
2020-02-26 17:39:44,463 - basicLogger - INFO - {'patient_id': 'kvnajzttri', 'result': 'xlcpvcaqfqhixetvchlo', 'timestamp': '2022-01-09T18:51:16.953Z'}
2020-02-26 17:39:44,470 - basicLogger - INFO - {'patient_id': 'deybodrvns', 'bookingDate': '2021-01-09T18:51:16.953Z', 'surgeryDate': '2021-28-09T18:51:16.953Z'}
2020-02-26 17:39:44,481 - basicLogger - INFO - {'patient_id': 'ddloffnzvt', 'bookingDate': '2021-01-09T18:51:16.953Z', 'surgeryDate': '2021-28-09T18:51:16.953Z'}
2020-02-26 17:39:44,491 - basicLogger - INFO - {'patient_id': 'asierqyudp', 'bookingDate': '2021-01-09T18:51:16.953Z', 'surgeryDate': '2021-28-09T18:51:16.953Z'}
2020-02-26 17:39:44,500 - basicLogger - INFO - {'patient_id': 'jwcmfgazwo', 'bookingDate': '2021-01-09T18:51:16.953Z', 'surgeryDate': '2021-28-09T18:51:16.953Z'}
2020-02-26 17:39:44,510 - basicLogger - INFO - {'patient_id': 'bmpexedzmw', 'bookingDate': '2021-01-09T18:51:16.953Z', 'surgeryDate': '2021-28-09T18:51:16.953Z'}
2020-02-26 17:39:44,520 - basicLogger - INFO - {'patient_id': 'qwkswkvjva', 'bookingDate': '2021-01-09T18:51:16.953Z', 'surgeryDate': '2021-28-09T18:51:16.953Z'}
2020-02-26 17:39:44,529 - basicLogger - INFO - {'patient_id': 'jpyzkipepj', 'bookingDate': '2021-01-09T18:51:16.953Z', 'surgeryDate': '2021-28-09T18:51:16.953Z'}
2020-02-26 17:39:44,538 - basicLogger - INFO - {'patient_id': 'zbwrrleetz', 'bookingDate': '2021-01-09T18:51:16.953Z', 'surgeryDate': '2021-28-09T18:51:16.953Z'}
2020-02-26 17:39:44,546 - basicLogger - INFO - {'patient_id': 'cnaxbysajm', 'bookingDate': '2021-01-09T18:51:16.953Z', 'surgeryDate': '2021-28-09T18:51:16.953Z'}
2020-02-26 17:39:44,560 - basicLogger - INFO - {'patient_id': 'ktekwjpojz', 'result': 'hhjnqmydznxvoqapkxdc', 'timestamp': '2022-01-09T18:51:16.953Z'}
2020-02-26 17:39:44,568 - basicLogger - INFO - {'patient_id': 'uddnrmuazn', 'result': 'quonafiuhznbqdtzdrof', 'timestamp': '2022-01-09T18:51:16.953Z'}
2020-02-26 17:39:44,577 - basicLogger - INFO - {'patient_id': 'crstnofwno', 'result': 'szfzxqfmlngwhuwtfepi', 'timestamp': '2022-01-09T18:51:16.953Z'}
2020-02-26 17:39:44,585 - basicLogger - INFO - {'patient_id': 'gczhgasazw', 'result': 'vzwhxrhmaoxonwuflbmc', 'timestamp': '2022-01-09T18:51:16.953Z'}
2020-02-26 17:39:44,594 - basicLogger - INFO - {'patient_id': 'oxlhtbhjcl', 'result': 'lgjnxxbuwjtvdcqojncb', 'timestamp': '2022-01-09T18:51:16.953Z'}
2020-02-26 17:39:44,601 - basicLogger - INFO - {'patient_id': 'fgauyeimbb', 'result': 'mfcnfwkohttckmwlqsxt', 'timestamp': '2022-01-09T18:51:16.953Z'}
2020-02-26 17:39:44,610 - basicLogger - INFO - {'patient_id': 'llndlvqkcc', 'result': 'icaxcalymvlpvbwxanin', 'timestamp': '2022-01-09T18:51:16.953Z'}
2020-02-26 17:39:44,619 - basicLogger - INFO - {'patient_id': 'qaecnsvxcb', 'result': 'dzwgnyvucpclbtiburzs', 'timestamp': '2022-01-09T18:51:16.953Z'}
2020-02-26 17:39:44,628 - basicLogger - INFO - {'patient_id': 'manhgeeuko', 'result': 'witrjiufmtnnkzmugnwz', 'timestamp': '2022-01-09T18:51:16.953Z'}
2020-02-26 17:39:44,637 - basicLogger - INFO - {'patient_id': 'nibnhsdctw', 'bookingDate': '2021-01-09T18:51:16.953Z', 'surgeryDate': '2021-28-09T18:51:16.953Z'}
2020-02-26 17:39:44,645 - basicLogger - INFO - {'patient_id': 'azffnegnao', 'bookingDate': '2021-01-09T18:51:16.953Z', 'surgeryDate': '2021-28-09T18:51:16.953Z'}
2020-02-26 17:39:44,653 - basicLogger - INFO - {'patient_id': 'xobdxqjdkt', 'bookingDate': '2021-01-09T18:51:16.953Z', 'surgeryDate': '2021-28-09T18:51:16.953Z'}
2020-02-26 17:39:44,661 - basicLogger - INFO - {'patient_id': 'tsalwadtsr', 'bookingDate': '2021-01-09T18:51:16.953Z', 'surgeryDate': '2021-28-09T18:51:16.953Z'}
2020-02-26 17:39:44,668 - basicLogger - INFO - {'patient_id': 'qwtkouhqwi', 'bookingDate': '2021-01-09T18:51:16.953Z', 'surgeryDate': '2021-28-09T18:51:16.953Z'}
2020-02-26 17:39:44,676 - basicLogger - INFO - {'patient_id': 'jdvehonezn', 'bookingDate': '2021-01-09T18:51:16.953Z', 'surgeryDate': '2021-28-09T18:51:16.953Z'}
2020-02-26 17:39:44,687 - basicLogger - INFO - {'patient_id': 'zllolirhod', 'bookingDate': '2021-01-09T18:51:16.953Z', 'surgeryDate': '2021-28-09T18:51:16.953Z'}
2020-02-26 17:39:44,697 - basicLogger - INFO - {'patient_id': 'oqmxjnhcoc', 'bookingDate': '2021-01-09T18:51:16.953Z', 'surgeryDate': '2021-28-09T18:51:16.953Z'}
2020-02-26 17:39:44,705 - basicLogger - INFO - {'patient_id': 'ayekwpfejv', 'result': 'hmqdzuyulhkmshebyagu', 'timestamp': '2022-01-09T18:51:16.953Z'}
2020-02-26 17:39:44,715 - basicLogger - INFO - {'patient_id': 'smooeigeuu', 'result': 'wvgcktqymaipsonowqio', 'timestamp': '2022-01-09T18:51:16.953Z'}
2020-02-26 17:39:44,724 - basicLogger - INFO - {'patient_id': 'fpablhilme', 'result': 'pfafftmglmtknyfdlwya', 'timestamp': '2022-01-09T18:51:16.953Z'}
2020-02-26 17:39:44,733 - basicLogger - INFO - {'patient_id': 'azkienfovr', 'result': 'fhdnsvlrdqlmedamdxvy', 'timestamp': '2022-01-09T18:51:16.953Z'}
2020-02-26 17:39:44,745 - basicLogger - INFO - {'patient_id': 'gaugtdcniw', 'result': 'owvhybzcvtcirfupodag', 'timestamp': '2022-01-09T18:51:16.953Z'}
2020-02-26 17:39:44,753 - basicLogger - INFO - {'patient_id': 'dvzlbquxjv', 'result': 'daijeudsrwwbjongupxm', 'timestamp': '2022-01-09T18:51:16.953Z'}
2020-02-26 17:39:44,760 - basicLogger - INFO - {'patient_id': 'wokncutfad', 'result': 'yggnwebesxdvdlghdegw', 'timestamp': '2022-01-09T18:51:16.953Z'}
2020-02-26 17:39:44,768 - basicLogger - INFO - {'patient_id': 'mlghkfxvjl', 'result': 'ghxbmjfjfmvbuxufvpdh', 'timestamp': '2022-01-09T18:51:16.953Z'}
2020-02-26 17:39:44,776 - basicLogger - INFO - {'patient_id': 'gxtorqqqxj', 'result': 'usalkdijiwycdcejdcxi', 'timestamp': '2022-01-09T18:51:16.953Z'}
2020-02-26 17:39:44,784 - basicLogger - INFO - {'patient_id': 'dylknrnuth', 'bookingDate': '2021-01-09T18:51:16.953Z', 'surgeryDate': '2021-28-09T18:51:16.953Z'}
2020-02-26 17:39:44,801 - basicLogger - INFO - {'patient_id': 'ejbgcnfpgz', 'bookingDate': '2021-01-09T18:51:16.953Z', 'surgeryDate': '2021-28-09T18:51:16.953Z'}
2020-02-26 17:39:44,810 - basicLogger - INFO - {'patient_id': 'zhasmxjsno', 'bookingDate': '2021-01-09T18:51:16.953Z', 'surgeryDate': '2021-28-09T18:51:16.953Z'}
2020-02-26 17:39:44,817 - basicLogger - INFO - {'patient_id': 'vyhdbffmab', 'bookingDate': '2021-01-09T18:51:16.953Z', 'surgeryDate': '2021-28-09T18:51:16.953Z'}
2020-02-26 17:39:44,825 - basicLogger - INFO - {'patient_id': 'bfjvfszbcj', 'bookingDate': '2021-01-09T18:51:16.953Z', 'surgeryDate': '2021-28-09T18:51:16.953Z'}
2020-02-26 17:39:44,833 - basicLogger - INFO - {'patient_id': 'nbouqgdctc', 'bookingDate': '2021-01-09T18:51:16.953Z', 'surgeryDate': '2021-28-09T18:51:16.953Z'}
2020-02-26 17:39:44,841 - basicLogger - INFO - {'patient_id': 'zozzlpjrcb', 'bookingDate': '2021-01-09T18:51:16.953Z', 'surgeryDate': '2021-28-09T18:51:16.953Z'}
2020-02-26 17:39:44,849 - basicLogger - INFO - {'patient_id': 'amdljmtceu', 'bookingDate': '2021-01-09T18:51:16.953Z', 'surgeryDate': '2021-28-09T18:51:16.953Z'}
2020-02-26 17:39:44,857 - basicLogger - INFO - {'patient_id': 'egepuiihwd', 'bookingDate': '2021-01-09T18:51:16.953Z', 'surgeryDate': '2021-28-09T18:51:16.953Z'}
2020-02-26 17:39:44,867 - basicLogger - INFO - {'patient_id': 'gyjthwxvci', 'result': 'rlggqpshqqmuwinoxzuh', 'timestamp': '2022-01-09T18:51:16.953Z'}
2020-02-26 17:39:44,875 - basicLogger - INFO - {'patient_id': 'rqpeefoqro', 'result': 'odtthurnoqjynzmdmtiv', 'timestamp': '2022-01-09T18:51:16.953Z'}
2020-02-26 17:39:44,884 - basicLogger - INFO - {'patient_id': 'bleswmmord', 'result': 'gigzngaelhictprexgaw', 'timestamp': '2022-01-09T18:51:16.953Z'}
2020-02-26 17:39:44,892 - basicLogger - INFO - {'patient_id': 'ypbvrokchl', 'result': 'kyhzetqqzluqtqfxstww', 'timestamp': '2022-01-09T18:51:16.953Z'}
2020-02-26 17:39:44,900 - basicLogger - INFO - {'patient_id': 'wxvyvqvbrx', 'result': 'wajyqcpmfeemqafwclgs', 'timestamp': '2022-01-09T18:51:16.953Z'}
2020-02-26 17:39:44,906 - basicLogger - INFO - {'patient_id': 'xjvvierufg', 'result': 'vjwgmzjzqikyisdijjys', 'timestamp': '2022-01-09T18:51:16.953Z'}
2020-02-26 17:39:44,912 - basicLogger - INFO - {'patient_id': 'okbmuhlmvh', 'result': 'zcxtkccafanukdfagolc', 'timestamp': '2022-01-09T18:51:16.953Z'}
2020-02-26 17:39:44,918 - basicLogger - INFO - {'patient_id': 'xtmbhkdiee', 'result': 'ngwvwkwoxjmysbfuwpbs', 'timestamp': '2022-01-09T18:51:16.953Z'}
2020-02-26 17:39:44,923 - basicLogger - INFO - {'patient_id': 'ftglzbbigi', 'result': 'vedaxaoxalycjjqyiugz', 'timestamp': '2022-01-09T18:51:16.953Z'}
2020-02-26 17:39:44,928 - basicLogger - INFO - {'patient_id': 'twbrfwudwx', 'bookingDate': '2021-01-09T18:51:16.953Z', 'surgeryDate': '2021-28-09T18:51:16.953Z'}
2020-02-26 17:39:44,934 - basicLogger - INFO - {'patient_id': 'hsudbpsdgz', 'bookingDate': '2021-01-09T18:51:16.953Z', 'surgeryDate': '2021-28-09T18:51:16.953Z'}
2020-02-26 17:39:44,940 - basicLogger - INFO - {'patient_id': 'suglpcqqxm', 'bookingDate': '2021-01-09T18:51:16.953Z', 'surgeryDate': '2021-28-09T18:51:16.953Z'}
2020-02-26 17:39:44,946 - basicLogger - INFO - {'patient_id': 'fziapxidfz', 'bookingDate': '2021-01-09T18:51:16.953Z', 'surgeryDate': '2021-28-09T18:51:16.953Z'}
2020-02-26 17:39:44,952 - basicLogger - INFO - {'patient_id': 'wulftjlxya', 'bookingDate': '2021-01-09T18:51:16.953Z', 'surgeryDate': '2021-28-09T18:51:16.953Z'}
2020-02-26 17:39:44,957 - basicLogger - INFO - {'patient_id': 'secddmcmax', 'bookingDate': '2021-01-09T18:51:16.953Z', 'surgeryDate': '2021-28-09T18:51:16.953Z'}
2020-02-26 17:39:44,962 - basicLogger - INFO - {'patient_id': 'qnhtfpuhrp', 'bookingDate': '2021-01-09T18:51:16.953Z', 'surgeryDate': '2021-28-09T18:51:16.953Z'}
2020-02-26 17:39:44,968 - basicLogger - INFO - {'patient_id': 'laturhtbmo', 'bookingDate': '2021-01-09T18:51:16.953Z', 'surgeryDate': '2021-28-09T18:51:16.953Z'}
2020-02-26 17:39:44,973 - basicLogger - INFO - {'patient_id': 'huontfxmmo', 'bookingDate': '2021-01-09T18:51:16.953Z', 'surgeryDate': '2021-28-09T18:51:16.953Z'}
2020-02-26 17:39:44,978 - basicLogger - INFO - {'patient_id': 'mkgbkynboq', 'result': 'lhxdffvxsfbbgssnizox', 'timestamp': '2022-01-09T18:51:16.953Z'}
2020-02-26 17:39:44,984 - basicLogger - INFO - {'patient_id': 'pbrgcxrfer', 'result': 'zzkqnyizluphffewumes', 'timestamp': '2022-01-09T18:51:16.953Z'}
2020-02-26 17:39:44,989 - basicLogger - INFO - {'patient_id': 'zibbehwlqp', 'result': 'xknsaccpakktmdxtltkf', 'timestamp': '2022-01-09T18:51:16.953Z'}
2020-02-26 17:39:44,995 - basicLogger - INFO - {'patient_id': 'oebwefyjah', 'result': 'lvmoioidosvrbggawwdk', 'timestamp': '2022-01-09T18:51:16.953Z'}
2020-02-26 17:39:45,000 - basicLogger - INFO - {'patient_id': 'ihrsszmall', 'result': 'eepvxgselfxclckqmmyz', 'timestamp': '2022-01-09T18:51:16.953Z'}
2020-02-26 17:39:45,005 - basicLogger - INFO - {'patient_id': 'zquozbfkob', 'result': 'cmbnhquqfzxeuxyeloxu', 'timestamp': '2022-01-09T18:51:16.953Z'}
2020-02-26 17:39:45,011 - basicLogger - INFO - {'patient_id': 'hwxsimtnhc', 'result': 'njlqlzpcokfhxguohiko', 'timestamp': '2022-01-09T18:51:16.953Z'}
2020-02-26 17:39:45,017 - basicLogger - INFO - {'patient_id': 'sgmsfwsxtj', 'result': 'ndptupwgklkgjoukcysi', 'timestamp': '2022-01-09T18:51:16.953Z'}
2020-02-26 17:39:45,022 - basicLogger - INFO - {'patient_id': 'dvmkybfugg', 'result': 'jhntioxwjehusmkbpqcw', 'timestamp': '2022-01-09T18:51:16.953Z'}
2020-02-26 17:39:45,028 - basicLogger - INFO - {'patient_id': 'giufmbvbqz', 'bookingDate': '2021-01-09T18:51:16.953Z', 'surgeryDate': '2021-28-09T18:51:16.953Z'}
2020-02-26 17:39:45,035 - basicLogger - INFO - {'patient_id': 'pwmbcsqfwr', 'bookingDate': '2021-01-09T18:51:16.953Z', 'surgeryDate': '2021-28-09T18:51:16.953Z'}
2020-02-26 17:39:45,041 - basicLogger - INFO - {'patient_id': 'gtnjsrfelt', 'bookingDate': '2021-01-09T18:51:16.953Z', 'surgeryDate': '2021-28-09T18:51:16.953Z'}
2020-02-26 17:39:45,046 - basicLogger - INFO - {'patient_id': 'pqvjjprjzy', 'bookingDate': '2021-01-09T18:51:16.953Z', 'surgeryDate': '2021-28-09T18:51:16.953Z'}
2020-02-26 17:39:45,053 - basicLogger - INFO - {'patient_id': 'ewgtimzfab', 'bookingDate': '2021-01-09T18:51:16.953Z', 'surgeryDate': '2021-28-09T18:51:16.953Z'}
2020-02-26 17:39:45,059 - basicLogger - INFO - {'patient_id': 'nfpxdpyjhk', 'bookingDate': '2021-01-09T18:51:16.953Z', 'surgeryDate': '2021-28-09T18:51:16.953Z'}
2020-02-26 17:39:45,065 - basicLogger - INFO - {'patient_id': 'ebeikwtwcp', 'bookingDate': '2021-01-09T18:51:16.953Z', 'surgeryDate': '2021-28-09T18:51:16.953Z'}
2020-02-26 17:39:45,071 - basicLogger - INFO - {'patient_id': 'mwbixkpfrr', 'bookingDate': '2021-01-09T18:51:16.953Z', 'surgeryDate': '2021-28-09T18:51:16.953Z'}
2020-02-26 17:39:45,079 - basicLogger - INFO - {'patient_id': 'jemcojcebq', 'bookingDate': '2021-01-09T18:51:16.953Z', 'surgeryDate': '2021-28-09T18:51:16.953Z'}
2020-02-26 17:39:45,085 - basicLogger - INFO - {'patient_id': 'arxywubdzp', 'result': 'zctszavjaxhwmdzblilf', 'timestamp': '2022-01-09T18:51:16.953Z'}
2020-02-26 17:39:45,090 - basicLogger - INFO - {'patient_id': 'wonoewaupw', 'result': 'rdvttgzesrwuxfruxzfn', 'timestamp': '2022-01-09T18:51:16.953Z'}
2020-02-26 17:39:45,096 - basicLogger - INFO - {'patient_id': 'yyjbdzmqiy', 'result': 'tjfexpgzzxkpinzyggvc', 'timestamp': '2022-01-09T18:51:16.953Z'}
2020-02-26 17:39:45,102 - basicLogger - INFO - {'patient_id': 'qimeuvgnsr', 'result': 'nrpdvatusjjnpdtovnjk', 'timestamp': '2022-01-09T18:51:16.953Z'}
2020-02-26 17:39:45,108 - basicLogger - INFO - {'patient_id': 'olylckcuxm', 'result': 'anheikrmrfmymouvvxrs', 'timestamp': '2022-01-09T18:51:16.953Z'}
2020-02-26 17:39:45,114 - basicLogger - INFO - {'patient_id': 'ltvnyljcvj', 'result': 'avrqwunbuhusppcxgojm', 'timestamp': '2022-01-09T18:51:16.953Z'}
2020-02-26 17:39:45,121 - basicLogger - INFO - {'patient_id': 'xjsyhpprml', 'result': 'wzkirinaaskqiwepahcu', 'timestamp': '2022-01-09T18:51:16.953Z'}
2020-02-26 17:39:45,128 - basicLogger - INFO - {'patient_id': 'jlnqgpibko', 'result': 'axrltgddqjtaejhxqudu', 'timestamp': '2022-01-09T18:51:16.953Z'}
2020-02-26 17:39:45,135 - basicLogger - INFO - {'patient_id': 'thubzlatra', 'result': 'nigpuqnxzjjjwsfdaoak', 'timestamp': '2022-01-09T18:51:16.953Z'}
2020-02-26 17:39:45,142 - basicLogger - INFO - {'patient_id': 'mbpxzmwvgn', 'bookingDate': '2021-01-09T18:51:16.953Z', 'surgeryDate': '2021-28-09T18:51:16.953Z'}
2020-02-26 17:39:45,149 - basicLogger - INFO - {'patient_id': 'khomrztvmh', 'bookingDate': '2021-01-09T18:51:16.953Z', 'surgeryDate': '2021-28-09T18:51:16.953Z'}
2020-02-26 17:39:45,155 - basicLogger - INFO - {'patient_id': 'ffmrjedyfl', 'bookingDate': '2021-01-09T18:51:16.953Z', 'surgeryDate': '2021-28-09T18:51:16.953Z'}
2020-02-26 17:39:45,161 - basicLogger - INFO - {'patient_id': 'mbqssjjdvt', 'bookingDate': '2021-01-09T18:51:16.953Z', 'surgeryDate': '2021-28-09T18:51:16.953Z'}
2020-02-26 17:39:45,168 - basicLogger - INFO - {'patient_id': 'fegksosoqq', 'bookingDate': '2021-01-09T18:51:16.953Z', 'surgeryDate': '2021-28-09T18:51:16.953Z'}
2020-02-26 17:39:45,174 - basicLogger - INFO - {'patient_id': 'qnjcytfily', 'bookingDate': '2021-01-09T18:51:16.953Z', 'surgeryDate': '2021-28-09T18:51:16.953Z'}
2020-02-26 17:39:45,180 - basicLogger - INFO - {'patient_id': 'tozvcsoiwf', 'bookingDate': '2021-01-09T18:51:16.953Z', 'surgeryDate': '2021-28-09T18:51:16.953Z'}
2020-02-26 17:39:45,187 - basicLogger - INFO - {'patient_id': 'vbktbopnkh', 'bookingDate': '2021-01-09T18:51:16.953Z', 'surgeryDate': '2021-28-09T18:51:16.953Z'}
2020-02-26 17:39:45,193 - basicLogger - INFO - {'patient_id': 'cybwjzwftt', 'bookingDate': '2021-01-09T18:51:16.953Z', 'surgeryDate': '2021-28-09T18:51:16.953Z'}
2020-02-26 17:39:45,199 - basicLogger - INFO - {'patient_id': 'gdogrckzcd', 'result': 'jbrfcoybirrszaqeurun', 'timestamp': '2022-01-09T18:51:16.953Z'}
2020-02-26 17:39:45,205 - basicLogger - INFO - {'patient_id': 'dggedgapwm', 'result': 'xkbzyieufosvwtfqqtnk', 'timestamp': '2022-01-09T18:51:16.953Z'}
2020-02-26 17:39:45,211 - basicLogger - INFO - {'patient_id': 'bxoshsyczt', 'result': 'kkvmptbnyobkodzilotx', 'timestamp': '2022-01-09T18:51:16.953Z'}
2020-02-26 17:39:45,216 - basicLogger - INFO - {'patient_id': 'fgkbtcedcr', 'result': 'pkeemkjtdfvjbbkacmah', 'timestamp': '2022-01-09T18:51:16.953Z'}
2020-02-26 17:39:45,223 - basicLogger - INFO - {'patient_id': 'sgkdlwswmh', 'result': 'aomoevnodrqkhmdenfqh', 'timestamp': '2022-01-09T18:51:16.953Z'}
2020-02-26 17:39:45,230 - basicLogger - INFO - {'patient_id': 'ujqgvpeweb', 'result': 'mlnfmjptfvubbantfkvs', 'timestamp': '2022-01-09T18:51:16.953Z'}
2020-02-26 17:39:45,236 - basicLogger - INFO - {'patient_id': 'pysxxryizd', 'result': 'nogjgavlpxsubnylbrqc', 'timestamp': '2022-01-09T18:51:16.953Z'}
2020-02-26 17:39:45,246 - basicLogger - INFO - {'patient_id': 'djgjbilfck', 'result': 'vubdmtioinnezgxdrskn', 'timestamp': '2022-01-09T18:51:16.953Z'}
2020-02-26 17:39:45,252 - basicLogger - INFO - {'patient_id': 'vvhvgefobe', 'result': 'hetpcppskuocxtslnewo', 'timestamp': '2022-01-09T18:51:16.953Z'}
2020-02-26 17:39:45,258 - basicLogger - INFO - {'patient_id': 'imcdqcjkna', 'bookingDate': '2021-01-09T18:51:16.953Z', 'surgeryDate': '2021-28-09T18:51:16.953Z'}
2020-02-26 17:39:45,265 - basicLogger - INFO - {'patient_id': 'ugeadiocyv', 'bookingDate': '2021-01-09T18:51:16.953Z', 'surgeryDate': '2021-28-09T18:51:16.953Z'}
2020-02-26 17:39:45,271 - basicLogger - INFO - {'patient_id': 'fcruglfbpb', 'bookingDate': '2021-01-09T18:51:16.953Z', 'surgeryDate': '2021-28-09T18:51:16.953Z'}
2020-02-26 17:39:45,276 - basicLogger - INFO - {'patient_id': 'motpwhckno', 'bookingDate': '2021-01-09T18:51:16.953Z', 'surgeryDate': '2021-28-09T18:51:16.953Z'}
2020-02-26 17:39:45,282 - basicLogger - INFO - {'patient_id': 'xteitwfpnh', 'bookingDate': '2021-01-09T18:51:16.953Z', 'surgeryDate': '2021-28-09T18:51:16.953Z'}
2020-02-26 17:39:45,288 - basicLogger - INFO - {'patient_id': 'ticvxjabwy', 'bookingDate': '2021-01-09T18:51:16.953Z', 'surgeryDate': '2021-28-09T18:51:16.953Z'}
2020-02-26 17:39:45,295 - basicLogger - INFO - {'patient_id': 'tzkutnfntn', 'bookingDate': '2021-01-09T18:51:16.953Z', 'surgeryDate': '2021-28-09T18:51:16.953Z'}
2020-02-26 17:39:45,301 - basicLogger - INFO - {'patient_id': 'diqiejuvrq', 'bookingDate': '2021-01-09T18:51:16.953Z', 'surgeryDate': '2021-28-09T18:51:16.953Z'}
2020-02-26 17:39:45,307 - basicLogger - INFO - {'patient_id': 'ijpejokdod', 'bookingDate': '2021-01-09T18:51:16.953Z', 'surgeryDate': '2021-28-09T18:51:16.953Z'}
2020-02-26 17:39:45,318 - basicLogger - INFO - {'patient_id': 'fficeyuerq', 'result': 'mjpqkkacovtholqhothu', 'timestamp': '2022-01-09T18:51:16.953Z'}
2020-02-26 17:39:45,324 - basicLogger - INFO - {'patient_id': 'nggerdrwsr', 'result': 'epjoxogisfddamiroyon', 'timestamp': '2022-01-09T18:51:16.953Z'}
2020-02-26 17:39:45,331 - basicLogger - INFO - {'patient_id': 'vbjohdjczy', 'result': 'zzpqssyyglqsxodsnoki', 'timestamp': '2022-01-09T18:51:16.953Z'}
2020-02-26 17:39:45,337 - basicLogger - INFO - {'patient_id': 'vmkqyhqfsl', 'result': 'qxjfjwmwyxcdcayqyrlv', 'timestamp': '2022-01-09T18:51:16.953Z'}
2020-02-26 17:39:45,343 - basicLogger - INFO - {'patient_id': 'vfxrwzshjx', 'result': 'zqvwaavmeufisradwtkl', 'timestamp': '2022-01-09T18:51:16.953Z'}
2020-02-26 17:39:45,351 - basicLogger - INFO - {'patient_id': 'maikvmylfl', 'result': 'vwqnwvgeyxgwszyefpkw', 'timestamp': '2022-01-09T18:51:16.953Z'}
2020-02-26 17:39:45,357 - basicLogger - INFO - {'patient_id': 'unafhqdbtm', 'result': 'zjyavwmmqgifkzksgsao', 'timestamp': '2022-01-09T18:51:16.953Z'}
2020-02-26 17:39:45,364 - basicLogger - INFO - {'patient_id': 'cojwgtabxc', 'result': 'vzxdqhcvohgqqxzusqvs', 'timestamp': '2022-01-09T18:51:16.953Z'}
2020-02-26 17:39:45,370 - basicLogger - INFO - {'patient_id': 'vihmxolkkp', 'result': 'syjfvygomgjgllgyfmpd', 'timestamp': '2022-01-09T18:51:16.953Z'}
2020-02-26 17:39:45,377 - basicLogger - INFO - {'patient_id': 'tkbehbnkbp', 'bookingDate': '2021-01-09T18:51:16.953Z', 'surgeryDate': '2021-28-09T18:51:16.953Z'}
2020-02-26 17:39:45,383 - basicLogger - INFO - {'patient_id': 'upfmlyprsh', 'bookingDate': '2021-01-09T18:51:16.953Z', 'surgeryDate': '2021-28-09T18:51:16.953Z'}
2020-02-26 17:39:45,388 - basicLogger - INFO - {'patient_id': 'avwyfytmyx', 'bookingDate': '2021-01-09T18:51:16.953Z', 'surgeryDate': '2021-28-09T18:51:16.953Z'}
2020-02-26 17:39:45,395 - basicLogger - INFO - {'patient_id': 'pbxnlwusuv', 'bookingDate': '2021-01-09T18:51:16.953Z', 'surgeryDate': '2021-28-09T18:51:16.953Z'}
2020-02-26 17:39:45,401 - basicLogger - INFO - {'patient_id': 'jygurbisuc', 'bookingDate': '2021-01-09T18:51:16.953Z', 'surgeryDate': '2021-28-09T18:51:16.953Z'}
2020-02-26 17:39:45,410 - basicLogger - INFO - {'patient_id': 'ubavaphyms', 'bookingDate': '2021-01-09T18:51:16.953Z', 'surgeryDate': '2021-28-09T18:51:16.953Z'}
2020-02-26 17:39:45,420 - basicLogger - INFO - {'patient_id': 'prcqfbvlgv', 'bookingDate': '2021-01-09T18:51:16.953Z', 'surgeryDate': '2021-28-09T18:51:16.953Z'}
2020-02-26 17:39:45,435 - basicLogger - INFO - {'patient_id': 'zknabnihjl', 'bookingDate': '2021-01-09T18:51:16.953Z', 'surgeryDate': '2021-28-09T18:51:16.953Z'}
2020-02-26 17:39:45,444 - basicLogger - INFO - {'patient_id': 'ztggfmdbxe', 'bookingDate': '2021-01-09T18:51:16.953Z', 'surgeryDate': '2021-28-09T18:51:16.953Z'}
2020-02-26 17:39:45,451 - basicLogger - INFO - {'patient_id': 'ldyticxifa', 'result': 'bekhxolpnyjpykxfaylt', 'timestamp': '2022-01-09T18:51:16.953Z'}
2020-02-26 17:39:45,458 - basicLogger - INFO - {'patient_id': 'bjwjsmfdaj', 'result': 'uaaotbumjpzwtwsopyww', 'timestamp': '2022-01-09T18:51:16.953Z'}
2020-02-26 17:39:45,465 - basicLogger - INFO - {'patient_id': 'gzvkitvyjt', 'result': 'wuflzhjdxryudijrpyzx', 'timestamp': '2022-01-09T18:51:16.953Z'}
2020-02-26 17:39:45,471 - basicLogger - INFO - {'patient_id': 'keycsiisak', 'result': 'hfwwowcdviuyeogcdaac', 'timestamp': '2022-01-09T18:51:16.953Z'}
2020-02-26 17:39:45,478 - basicLogger - INFO - {'patient_id': 'mdzwjaxkbc', 'result': 'ngcjrpqukfbulaknbyql', 'timestamp': '2022-01-09T18:51:16.953Z'}
2020-02-26 17:39:45,484 - basicLogger - INFO - {'patient_id': 'vuuabltfww', 'result': 'rozisllfzinarhykoyee', 'timestamp': '2022-01-09T18:51:16.953Z'}
2020-02-26 17:39:45,490 - basicLogger - INFO - {'patient_id': 'wbiebyrdhx', 'result': 'njkfllfqdvamdenlhvgh', 'timestamp': '2022-01-09T18:51:16.953Z'}
2020-02-26 17:39:45,496 - basicLogger - INFO - {'patient_id': 'giesblufvh', 'result': 'zcvqticjwyuxjdlampkp', 'timestamp': '2022-01-09T18:51:16.953Z'}
2020-02-26 17:39:45,503 - basicLogger - INFO - {'patient_id': 'zmfncccmez', 'result': 'qstjzwzhviylwutyoevk', 'timestamp': '2022-01-09T18:51:16.953Z'}
2020-02-26 17:39:45,510 - basicLogger - INFO - {'patient_id': 'nvmjinifbn', 'bookingDate': '2021-01-09T18:51:16.953Z', 'surgeryDate': '2021-28-09T18:51:16.953Z'}
2020-02-26 17:39:45,516 - basicLogger - INFO - {'patient_id': 'jucleinqud', 'bookingDate': '2021-01-09T18:51:16.953Z', 'surgeryDate': '2021-28-09T18:51:16.953Z'}
2020-02-26 17:39:45,522 - basicLogger - INFO - {'patient_id': 'vezkvwpthf', 'bookingDate': '2021-01-09T18:51:16.953Z', 'surgeryDate': '2021-28-09T18:51:16.953Z'}
2020-02-26 17:39:45,530 - basicLogger - INFO - {'patient_id': 'ylzftfrsza', 'bookingDate': '2021-01-09T18:51:16.953Z', 'surgeryDate': '2021-28-09T18:51:16.953Z'}
2020-02-26 17:39:45,537 - basicLogger - INFO - {'patient_id': 'mwkmmduwrw', 'bookingDate': '2021-01-09T18:51:16.953Z', 'surgeryDate': '2021-28-09T18:51:16.953Z'}
2020-02-26 17:39:45,543 - basicLogger - INFO - {'patient_id': 'ofndpteshz', 'bookingDate': '2021-01-09T18:51:16.953Z', 'surgeryDate': '2021-28-09T18:51:16.953Z'}
2020-02-26 17:39:45,550 - basicLogger - INFO - {'patient_id': 'rximzxpzvi', 'bookingDate': '2021-01-09T18:51:16.953Z', 'surgeryDate': '2021-28-09T18:51:16.953Z'}
2020-02-26 17:39:45,557 - basicLogger - INFO - {'patient_id': 'jfnsufckrd', 'bookingDate': '2021-01-09T18:51:16.953Z', 'surgeryDate': '2021-28-09T18:51:16.953Z'}
2020-02-26 17:39:45,564 - basicLogger - INFO - {'patient_id': 'lvbtfneawp', 'bookingDate': '2021-01-09T18:51:16.953Z', 'surgeryDate': '2021-28-09T18:51:16.953Z'}
2020-02-26 17:39:45,571 - basicLogger - INFO - {'patient_id': 'syoahpihyw', 'result': 'ztqsxsdpumvtarfhcept', 'timestamp': '2022-01-09T18:51:16.953Z'}
2020-02-26 17:39:45,578 - basicLogger - INFO - {'patient_id': 'cpmjjnfvvo', 'bookingDate': '2021-01-09T18:51:16.953Z', 'surgeryDate': '2021-28-09T18:51:16.953Z'}
2020-02-26 17:39:45,584 - basicLogger - INFO - {'patient_id': 'rsbsoflzuj', 'result': 'xbewjqzkbqhtavzmtwmq', 'timestamp': '2022-01-09T18:51:16.953Z'}
2020-02-26 17:39:45,590 - basicLogger - INFO - {'patient_id': 'vmeqiwrozg', 'bookingDate': '2021-01-09T18:51:16.953Z', 'surgeryDate': '2021-28-09T18:51:16.953Z'}
2020-02-26 17:39:45,596 - basicLogger - INFO - {'patient_id': 'xiwxiuwoyd', 'result': 'zdxnpquupaqvceudslcw', 'timestamp': '2022-01-09T18:51:16.953Z'}
2020-02-26 17:39:45,602 - basicLogger - INFO - {'patient_id': 'bghvshooto', 'bookingDate': '2021-01-09T18:51:16.953Z', 'surgeryDate': '2021-28-09T18:51:16.953Z'}
2020-02-26 17:39:45,608 - basicLogger - INFO - {'patient_id': 'acwtmamfml', 'result': 'dfcjkhhwzjbtojkabbey', 'timestamp': '2022-01-09T18:51:16.953Z'}
2020-02-26 17:39:45,614 - basicLogger - INFO - {'patient_id': 'cxjboanbko', 'bookingDate': '2021-01-09T18:51:16.953Z', 'surgeryDate': '2021-28-09T18:51:16.953Z'}
2020-02-26 17:39:45,620 - basicLogger - INFO - {'patient_id': 'kmajahxroc', 'result': 'lfzcurnmwxlvuqmoozdp', 'timestamp': '2022-01-09T18:51:16.953Z'}
2020-02-26 17:39:45,626 - basicLogger - INFO - {'patient_id': 'kstwyxjgnv', 'bookingDate': '2021-01-09T18:51:16.953Z', 'surgeryDate': '2021-28-09T18:51:16.953Z'}
2020-02-26 17:39:45,633 - basicLogger - INFO - {'patient_id': 'eypnwaqkzj', 'result': 'egrmimnncqkgoqdvxbxf', 'timestamp': '2022-01-09T18:51:16.953Z'}
2020-02-26 17:39:45,639 - basicLogger - INFO - {'patient_id': 'isyemxxcmc', 'bookingDate': '2021-01-09T18:51:16.953Z', 'surgeryDate': '2021-28-09T18:51:16.953Z'}
2020-02-26 17:39:45,646 - basicLogger - INFO - {'patient_id': 'ojqykcwxvj', 'result': 'yttnicngqfoqwuzzaoer', 'timestamp': '2022-01-09T18:51:16.953Z'}
2020-02-26 17:39:45,652 - basicLogger - INFO - {'patient_id': 'kgswjfogvn', 'bookingDate': '2021-01-09T18:51:16.953Z', 'surgeryDate': '2021-28-09T18:51:16.953Z'}
2020-02-26 17:39:45,658 - basicLogger - INFO - {'patient_id': 'jidziwxdsx', 'result': 'knukmmzrtimyovkmuunj', 'timestamp': '2022-01-09T18:51:16.953Z'}
2020-02-26 17:39:45,664 - basicLogger - INFO - {'patient_id': '3fa85f64-5717-4562-b3fc-2c963f66afa6', 'bookingDate': '2020-01-09T18:51:16.953Z', 'surgeryDate': '2020-28-09T18:51:16.953Z'}
2020-02-26 17:39:45,671 - basicLogger - INFO - {'patient_id': 'wpcssmjlow', 'bookingDate': '2021-01-09T18:51:16.953Z', 'surgeryDate': '2021-28-09T18:51:16.953Z'}
2020-02-26 17:39:45,678 - basicLogger - INFO - {'patient_id': 'lzvuzyljai', 'result': 'vnvoqzkstnrbldazpvsg', 'timestamp': '2022-01-09T18:51:16.953Z'}
2020-02-26 17:39:45,687 - basicLogger - INFO - {'patient_id': 'qcnszxvtoz', 'bookingDate': '2021-01-09T18:51:16.953Z', 'surgeryDate': '2021-28-09T18:51:16.953Z'}
2020-02-26 17:39:45,694 - basicLogger - INFO - {'patient_id': 'podjlzslmj', 'result': 'ttulqftxuuthxoxtvhwm', 'timestamp': '2022-01-09T18:51:16.953Z'}
2020-02-26 17:39:45,701 - basicLogger - INFO - {'patient_id': '3fa85f64-5717-4562-b3fc-2c963f66afa6', 'bookingDate': '2020-01-09T18:51:16.953Z', 'surgeryDate': '2020-28-09T18:51:16.953Z'}
2020-02-26 17:39:45,707 - basicLogger - INFO - {'patient_id': 'hnnkktciih', 'bookingDate': '2021-01-09T18:51:16.953Z', 'surgeryDate': '2021-28-09T18:51:16.953Z'}
2020-02-26 17:41:06,292 - basicLogger - INFO - {'patient_id': '3fa85f64-5717-4562-b3fc-2c963f66afa6', 'result': 'BBBBBB', 'timestamp': '2023-01-09T18:51:16.953Z'}
2020-02-26 17:42:23,305 - basicLogger - INFO - {'patient_id': '3fa85f64-5717-4562-b3fc-2c963f66afa6', 'result': 'BBBBBB', 'timestamp': '2023-01-09T18:51:16.953Z'}
2020-02-26 17:58:08,436 - basicLogger - INFO - {'patient_id': '3fa85f64-5717-4562-b3fc-2c963f66afa7', 'result': 'BBBBBB', 'timestamp': '2023-01-09T18:51:16.953Z'}
2020-02-26 18:06:58,293 - basicLogger - INFO - {'patient_id': 'zlsmsyajel', 'result': 'cpgnnmmxvsozugleixem', 'timestamp': '2022-01-09T18:51:16.953Z'}
2020-02-26 18:06:58,388 - basicLogger - INFO - {'patient_id': 'ayhtqxtpyg', 'result': 'obcezmfqzgwojpwbbwin', 'timestamp': '2022-01-09T18:51:16.953Z'}
2020-02-26 18:06:58,494 - basicLogger - INFO - {'patient_id': 'vrgphzmrxl', 'result': 'obidsbwxoplakjjhxbuu', 'timestamp': '2022-01-09T18:51:16.953Z'}
2020-02-26 18:06:58,580 - basicLogger - INFO - {'patient_id': 'mmtifvnuch', 'result': 'gqappfihxnsytkpivgha', 'timestamp': '2022-01-09T18:51:16.953Z'}
2020-02-26 18:06:58,706 - basicLogger - INFO - {'patient_id': 'nuuecxxvag', 'result': 'pxjxlerrzwetjccwyslj', 'timestamp': '2022-01-09T18:51:16.953Z'}
2020-02-26 18:06:58,802 - basicLogger - INFO - {'patient_id': 'owljxmmgrj', 'result': 'aathavcjuklttialfqkg', 'timestamp': '2022-01-09T18:51:16.953Z'}
2020-02-26 18:06:58,900 - basicLogger - INFO - {'patient_id': 'eijuksngrb', 'result': 'gtqfycujejfoqwmccsha', 'timestamp': '2022-01-09T18:51:16.953Z'}
2020-02-26 18:06:58,996 - basicLogger - INFO - {'patient_id': 'boquanyrhm', 'result': 'payurvsgtezkpjxppqzg', 'timestamp': '2022-01-09T18:51:16.953Z'}
2020-02-26 18:06:59,098 - basicLogger - INFO - {'patient_id': 'egngucxgmj', 'result': 'jybyrdkytnsnpprbupcx', 'timestamp': '2022-01-09T18:51:16.953Z'}
2020-02-26 18:07:00,362 - basicLogger - INFO - {'patient_id': 'mgcqkmbohc', 'bookingDate': '2021-01-09T18:51:16.953Z', 'surgeryDate': '2021-28-09T18:51:16.953Z'}
2020-02-26 18:07:00,455 - basicLogger - INFO - {'patient_id': 'ujwjmzgyyd', 'bookingDate': '2021-01-09T18:51:16.953Z', 'surgeryDate': '2021-28-09T18:51:16.953Z'}
2020-02-26 18:07:00,592 - basicLogger - INFO - {'patient_id': 'momjvuioqk', 'bookingDate': '2021-01-09T18:51:16.953Z', 'surgeryDate': '2021-28-09T18:51:16.953Z'}
2020-02-26 18:07:00,645 - basicLogger - INFO - {'patient_id': 'wktybasxjf', 'bookingDate': '2021-01-09T18:51:16.953Z', 'surgeryDate': '2021-28-09T18:51:16.953Z'}
2020-02-26 18:07:00,750 - basicLogger - INFO - {'patient_id': 'iiwbqkxieo', 'bookingDate': '2021-01-09T18:51:16.953Z', 'surgeryDate': '2021-28-09T18:51:16.953Z'}
2020-02-26 18:07:00,840 - basicLogger - INFO - {'patient_id': 'vpfrqanwkd', 'bookingDate': '2021-01-09T18:51:16.953Z', 'surgeryDate': '2021-28-09T18:51:16.953Z'}
2020-02-26 18:07:00,968 - basicLogger - INFO - {'patient_id': 'aidrwrwsdb', 'bookingDate': '2021-01-09T18:51:16.953Z', 'surgeryDate': '2021-28-09T18:51:16.953Z'}
2020-02-26 18:07:01,042 - basicLogger - INFO - {'patient_id': 'gyhkrtprij', 'bookingDate': '2021-01-09T18:51:16.953Z', 'surgeryDate': '2021-28-09T18:51:16.953Z'}
2020-02-26 18:07:01,162 - basicLogger - INFO - {'patient_id': 'uyoqcotllf', 'bookingDate': '2021-01-09T18:51:16.953Z', 'surgeryDate': '2021-28-09T18:51:16.953Z'}
2020-02-26 18:07:02,430 - basicLogger - INFO - {'patient_id': 'zlpowezupm', 'result': 'akbksgxkdcjzybyfkfvq', 'timestamp': '2022-01-09T18:51:16.953Z'}
2020-02-26 18:07:02,513 - basicLogger - INFO - {'patient_id': 'xoxwsygzbo', 'result': 'wvufmdbtytrftxwvhavc', 'timestamp': '2022-01-09T18:51:16.953Z'}
2020-02-26 18:07:02,646 - basicLogger - INFO - {'patient_id': 'cmftmtnejs', 'result': 'ygjmydlnyokpmgoozhvt', 'timestamp': '2022-01-09T18:51:16.953Z'}
2020-02-26 18:07:02,737 - basicLogger - INFO - {'patient_id': 'oanahncvik', 'result': 'fgmpkvaqlqdbtmdhvoji', 'timestamp': '2022-01-09T18:51:16.953Z'}
2020-02-26 18:07:02,830 - basicLogger - INFO - {'patient_id': 'jjzhmwlryf', 'result': 'qpnlrphfebyxarrcqfat', 'timestamp': '2022-01-09T18:51:16.953Z'}
2020-02-26 18:07:02,915 - basicLogger - INFO - {'patient_id': 'hlckbjjufi', 'result': 'jhotbfrrhungcnuvduko', 'timestamp': '2022-01-09T18:51:16.953Z'}
2020-02-26 18:07:03,036 - basicLogger - INFO - {'patient_id': 'bbfpaiamgs', 'result': 'enwrpmnacsixiijhoqbo', 'timestamp': '2022-01-09T18:51:16.953Z'}
2020-02-26 18:07:03,130 - basicLogger - INFO - {'patient_id': 'jedrtbwpbm', 'result': 'cqzahpugcxmlvbjvdrgl', 'timestamp': '2022-01-09T18:51:16.953Z'}
2020-02-26 18:07:03,240 - basicLogger - INFO - {'patient_id': 'keoxhbtdnx', 'result': 'aacdwksalztjnrxmqgwt', 'timestamp': '2022-01-09T18:51:16.953Z'}
2020-02-26 18:07:04,504 - basicLogger - INFO - {'patient_id': 'dbhexhnhsc', 'bookingDate': '2021-01-09T18:51:16.953Z', 'surgeryDate': '2021-28-09T18:51:16.953Z'}
2020-02-26 18:07:04,572 - basicLogger - INFO - {'patient_id': 'tsesqseatg', 'bookingDate': '2021-01-09T18:51:16.953Z', 'surgeryDate': '2021-28-09T18:51:16.953Z'}
2020-02-26 18:07:04,739 - basicLogger - INFO - {'patient_id': 'ectufsckoq', 'bookingDate': '2021-01-09T18:51:16.953Z', 'surgeryDate': '2021-28-09T18:51:16.953Z'}
2020-02-26 18:07:04,803 - basicLogger - INFO - {'patient_id': 'qjsbwofbtk', 'bookingDate': '2021-01-09T18:51:16.953Z', 'surgeryDate': '2021-28-09T18:51:16.953Z'}
2020-02-26 18:07:04,917 - basicLogger - INFO - {'patient_id': 'ydaipyzufp', 'bookingDate': '2021-01-09T18:51:16.953Z', 'surgeryDate': '2021-28-09T18:51:16.953Z'}
2020-02-26 18:07:04,974 - basicLogger - INFO - {'patient_id': 'hlibjczlvm', 'bookingDate': '2021-01-09T18:51:16.953Z', 'surgeryDate': '2021-28-09T18:51:16.953Z'}
2020-02-26 18:07:05,113 - basicLogger - INFO - {'patient_id': 'ojdsxflovz', 'bookingDate': '2021-01-09T18:51:16.953Z', 'surgeryDate': '2021-28-09T18:51:16.953Z'}
2020-02-26 18:07:05,224 - basicLogger - INFO - {'patient_id': 'gqqofrikzj', 'bookingDate': '2021-01-09T18:51:16.953Z', 'surgeryDate': '2021-28-09T18:51:16.953Z'}
2020-02-26 18:07:05,310 - basicLogger - INFO - {'patient_id': 'sohyrjnbmn', 'bookingDate': '2021-01-09T18:51:16.953Z', 'surgeryDate': '2021-28-09T18:51:16.953Z'}
2020-02-26 18:07:06,566 - basicLogger - INFO - {'patient_id': 'rgtltqlety', 'result': 'ipgkyvbnwgmpzlcqfnrb', 'timestamp': '2022-01-09T18:51:16.953Z'}
2020-02-26 18:07:06,635 - basicLogger - INFO - {'patient_id': 'sbmelnafkv', 'result': 'dsvxrikpaskituzhyghk', 'timestamp': '2022-01-09T18:51:16.953Z'}
2020-02-26 18:07:06,779 - basicLogger - INFO - {'patient_id': 'zrqiytrwyw', 'result': 'igqijvsppcfybxlrujbz', 'timestamp': '2022-01-09T18:51:16.953Z'}
2020-02-26 18:07:06,844 - basicLogger - INFO - {'patient_id': 'zhzbptkqfu', 'result': 'atzwkonsmmnvqsurknmg', 'timestamp': '2022-01-09T18:51:16.953Z'}
2020-02-26 18:07:06,950 - basicLogger - INFO - {'patient_id': 'jxwiixjfxj', 'result': 'swkeqzhsyizgntpuaauz', 'timestamp': '2022-01-09T18:51:16.953Z'}
2020-02-26 18:07:07,012 - basicLogger - INFO - {'patient_id': 'dbgcnaowzm', 'result': 'jnecutpkuqnjxbkwyanm', 'timestamp': '2022-01-09T18:51:16.953Z'}
2020-02-26 18:07:07,147 - basicLogger - INFO - {'patient_id': 'gndrizbnfw', 'result': 'prnfgrltvncgiztrenrv', 'timestamp': '2022-01-09T18:51:16.953Z'}
2020-02-26 18:07:07,293 - basicLogger - INFO - {'patient_id': 'yzodohgxgc', 'result': 'krhxfxdlpzeavaqoxxmk', 'timestamp': '2022-01-09T18:51:16.953Z'}
2020-02-26 18:07:07,380 - basicLogger - INFO - {'patient_id': 'miruqxmtev', 'result': 'ezmojkbqsrumhenzpvdn', 'timestamp': '2022-01-09T18:51:16.953Z'}
2020-02-26 18:07:08,637 - basicLogger - INFO - {'patient_id': 'dnvhphpxnw', 'bookingDate': '2021-01-09T18:51:16.953Z', 'surgeryDate': '2021-28-09T18:51:16.953Z'}
2020-02-26 18:07:08,695 - basicLogger - INFO - {'patient_id': 'pqetdlnffd', 'bookingDate': '2021-01-09T18:51:16.953Z', 'surgeryDate': '2021-28-09T18:51:16.953Z'}
2020-02-26 18:07:08,849 - basicLogger - INFO - {'patient_id': 'gwqmurknue', 'bookingDate': '2021-01-09T18:51:16.953Z', 'surgeryDate': '2021-28-09T18:51:16.953Z'}
2020-02-26 18:07:08,914 - basicLogger - INFO - {'patient_id': 'kjdaunfquw', 'bookingDate': '2021-01-09T18:51:16.953Z', 'surgeryDate': '2021-28-09T18:51:16.953Z'}
2020-02-26 18:07:09,010 - basicLogger - INFO - {'patient_id': 'tdauxntwlw', 'bookingDate': '2021-01-09T18:51:16.953Z', 'surgeryDate': '2021-28-09T18:51:16.953Z'}
2020-02-26 18:07:09,089 - basicLogger - INFO - {'patient_id': 'lniuzhgemu', 'bookingDate': '2021-01-09T18:51:16.953Z', 'surgeryDate': '2021-28-09T18:51:16.953Z'}
2020-02-26 18:07:09,218 - basicLogger - INFO - {'patient_id': 'nqpcybjfqh', 'bookingDate': '2021-01-09T18:51:16.953Z', 'surgeryDate': '2021-28-09T18:51:16.953Z'}
2020-02-26 18:07:09,352 - basicLogger - INFO - {'patient_id': 'lzwyhgmprc', 'bookingDate': '2021-01-09T18:51:16.953Z', 'surgeryDate': '2021-28-09T18:51:16.953Z'}
2020-02-26 18:07:09,448 - basicLogger - INFO - {'patient_id': 'thtdxxzrhx', 'bookingDate': '2021-01-09T18:51:16.953Z', 'surgeryDate': '2021-28-09T18:51:16.953Z'}
2020-02-26 18:07:10,709 - basicLogger - INFO - {'patient_id': 'lxhuelqntk', 'result': 'wauyoojlsxhfruopswpv', 'timestamp': '2022-01-09T18:51:16.953Z'}
2020-02-26 18:07:10,773 - basicLogger - INFO - {'patient_id': 'vauzkhjntk', 'result': 'gziguvgksxfrlvtpfpoh', 'timestamp': '2022-01-09T18:51:16.953Z'}
2020-02-26 18:07:10,920 - basicLogger - INFO - {'patient_id': 'jqgikgnejt', 'result': 'hxjejvjcadabvhiybxdm', 'timestamp': '2022-01-09T18:51:16.953Z'}
2020-02-26 18:07:10,982 - basicLogger - INFO - {'patient_id': 'fwfhdjrvmp', 'result': 'asyjlzgwrtzsfafelhvo', 'timestamp': '2022-01-09T18:51:16.953Z'}
2020-02-26 18:07:11,075 - basicLogger - INFO - {'patient_id': 'mtbrsocadp', 'result': 'shzrrrkfawpnjalcimqr', 'timestamp': '2022-01-09T18:51:16.953Z'}
2020-02-26 18:07:11,135 - basicLogger - INFO - {'patient_id': 'rzubtiqzgv', 'result': 'ypckclzgsskqcqbyyirv', 'timestamp': '2022-01-09T18:51:16.953Z'}
2020-02-26 18:07:11,299 - basicLogger - INFO - {'patient_id': 'jjozifvfhc', 'result': 'hjyodsfgyioghwouriqf', 'timestamp': '2022-01-09T18:51:16.953Z'}
2020-02-26 18:07:11,422 - basicLogger - INFO - {'patient_id': 'qvxxapelvc', 'result': 'qdwjbgmyeinybvqvbqsr', 'timestamp': '2022-01-09T18:51:16.953Z'}
2020-02-26 18:07:11,505 - basicLogger - INFO - {'patient_id': 'rbovqneyzc', 'result': 'tionlbywgqtxcllwahso', 'timestamp': '2022-01-09T18:51:16.953Z'}
2020-02-26 18:07:12,747 - basicLogger - INFO - {'patient_id': 'lwhnahxdoy', 'bookingDate': '2021-01-09T18:51:16.953Z', 'surgeryDate': '2021-28-09T18:51:16.953Z'}
2020-02-26 18:07:12,825 - basicLogger - INFO - {'patient_id': 'ykapxtcgpq', 'bookingDate': '2021-01-09T18:51:16.953Z', 'surgeryDate': '2021-28-09T18:51:16.953Z'}
2020-02-26 18:07:12,988 - basicLogger - INFO - {'patient_id': 'ypdjzynykt', 'bookingDate': '2021-01-09T18:51:16.953Z', 'surgeryDate': '2021-28-09T18:51:16.953Z'}
2020-02-26 18:07:13,041 - basicLogger - INFO - {'patient_id': 'zkmahyvemo', 'bookingDate': '2021-01-09T18:51:16.953Z', 'surgeryDate': '2021-28-09T18:51:16.953Z'}
2020-02-26 18:07:13,132 - basicLogger - INFO - {'patient_id': 'tolmwfhclt', 'bookingDate': '2021-01-09T18:51:16.953Z', 'surgeryDate': '2021-28-09T18:51:16.953Z'}
2020-02-26 18:07:13,189 - basicLogger - INFO - {'patient_id': 'jdeehtfmic', 'bookingDate': '2021-01-09T18:51:16.953Z', 'surgeryDate': '2021-28-09T18:51:16.953Z'}
2020-02-26 18:07:13,364 - basicLogger - INFO - {'patient_id': 'jqvffihspl', 'bookingDate': '2021-01-09T18:51:16.953Z', 'surgeryDate': '2021-28-09T18:51:16.953Z'}
2020-02-26 18:07:13,482 - basicLogger - INFO - {'patient_id': 'vrzdzbfzzw', 'bookingDate': '2021-01-09T18:51:16.953Z', 'surgeryDate': '2021-28-09T18:51:16.953Z'}
2020-02-26 18:07:13,574 - basicLogger - INFO - {'patient_id': 'elbgsfqvub', 'bookingDate': '2021-01-09T18:51:16.953Z', 'surgeryDate': '2021-28-09T18:51:16.953Z'}
2020-02-26 18:07:14,819 - basicLogger - INFO - {'patient_id': 'gcesmdoaaq', 'result': 'jnzzvsqfwxuvfvrfzocn', 'timestamp': '2022-01-09T18:51:16.953Z'}
2020-02-26 18:07:14,895 - basicLogger - INFO - {'patient_id': 'xihbqwuipn', 'result': 'abjjnkqmtasustguonrq', 'timestamp': '2022-01-09T18:51:16.953Z'}
2020-02-26 18:07:15,052 - basicLogger - INFO - {'patient_id': 'cayqeyddsv', 'result': 'mumbophqozigccdrvnpx', 'timestamp': '2022-01-09T18:51:16.953Z'}
2020-02-26 18:07:15,124 - basicLogger - INFO - {'patient_id': 'ebuqlucnmj', 'result': 'hwlitztaflhaqhvfwieu', 'timestamp': '2022-01-09T18:51:16.953Z'}
2020-02-26 18:07:15,249 - basicLogger - INFO - {'patient_id': 'ekvtmaonba', 'result': 'vwznronadiuhncckqbfr', 'timestamp': '2022-01-09T18:51:16.953Z'}
2020-02-26 18:07:15,262 - basicLogger - INFO - {'patient_id': 'ewhmqytyvl', 'result': 'msnjwbjcfnznotqwgauf', 'timestamp': '2022-01-09T18:51:16.953Z'}
2020-02-26 18:07:15,435 - basicLogger - INFO - {'patient_id': 'auaslsomoe', 'result': 'sjcvspxkrhndtmmxyjds', 'timestamp': '2022-01-09T18:51:16.953Z'}
2020-02-26 18:07:15,535 - basicLogger - INFO - {'patient_id': 'wxmdqaxpsl', 'result': 'dkvujlbyiwaemoghwtds', 'timestamp': '2022-01-09T18:51:16.953Z'}
2020-02-26 18:07:15,630 - basicLogger - INFO - {'patient_id': 'jutoosjfxn', 'result': 'lusaodblvjaqkosmavow', 'timestamp': '2022-01-09T18:51:16.953Z'}
2020-02-26 18:07:16,889 - basicLogger - INFO - {'patient_id': 'ifanbsmetf', 'bookingDate': '2021-01-09T18:51:16.953Z', 'surgeryDate': '2021-28-09T18:51:16.953Z'}
2020-02-26 18:07:16,954 - basicLogger - INFO - {'patient_id': 'vfdlaiyjdw', 'bookingDate': '2021-01-09T18:51:16.953Z', 'surgeryDate': '2021-28-09T18:51:16.953Z'}
2020-02-26 18:07:17,146 - basicLogger - INFO - {'patient_id': 'zsbooycoqp', 'bookingDate': '2021-01-09T18:51:16.953Z', 'surgeryDate': '2021-28-09T18:51:16.953Z'}
2020-02-26 18:07:17,236 - basicLogger - INFO - {'patient_id': 'lecxxwbjif', 'bookingDate': '2021-01-09T18:51:16.953Z', 'surgeryDate': '2021-28-09T18:51:16.953Z'}
2020-02-26 18:07:17,299 - basicLogger - INFO - {'patient_id': 'bqggywhkbv', 'bookingDate': '2021-01-09T18:51:16.953Z', 'surgeryDate': '2021-28-09T18:51:16.953Z'}
2020-02-26 18:07:17,331 - basicLogger - INFO - {'patient_id': 'mmeojuuijf', 'bookingDate': '2021-01-09T18:51:16.953Z', 'surgeryDate': '2021-28-09T18:51:16.953Z'}
2020-02-26 18:07:17,502 - basicLogger - INFO - {'patient_id': 'xrhoxtfubk', 'bookingDate': '2021-01-09T18:51:16.953Z', 'surgeryDate': '2021-28-09T18:51:16.953Z'}
2020-02-26 18:07:17,612 - basicLogger - INFO - {'patient_id': 'apvkxihbtz', 'bookingDate': '2021-01-09T18:51:16.953Z', 'surgeryDate': '2021-28-09T18:51:16.953Z'}
2020-02-26 18:07:17,723 - basicLogger - INFO - {'patient_id': 'kuwizfdwlx', 'bookingDate': '2021-01-09T18:51:16.953Z', 'surgeryDate': '2021-28-09T18:51:16.953Z'}
2020-02-26 18:07:18,946 - basicLogger - INFO - {'patient_id': 'ngshlmcmjj', 'result': 'sdtjixiydizczyugvqcb', 'timestamp': '2022-01-09T18:51:16.953Z'}
2020-02-26 18:07:19,023 - basicLogger - INFO - {'patient_id': 'lkfwheqytn', 'result': 'xrctebggwvkoqfnaebdi', 'timestamp': '2022-01-09T18:51:16.953Z'}
2020-02-26 18:07:19,217 - basicLogger - INFO - {'patient_id': 'ergwrdbsub', 'result': 'hobmeqfrztqhqnwcuzkq', 'timestamp': '2022-01-09T18:51:16.953Z'}
2020-02-26 18:07:19,305 - basicLogger - INFO - {'patient_id': 'sjhgaqjnhx', 'result': 'vvcglrigylvzsfcpvedt', 'timestamp': '2022-01-09T18:51:16.953Z'}
2020-02-26 18:07:19,366 - basicLogger - INFO - {'patient_id': 'kvnfsxxtut', 'result': 'ahbwrgfksbuwybaglger', 'timestamp': '2022-01-09T18:51:16.953Z'}
2020-02-26 18:07:19,395 - basicLogger - INFO - {'patient_id': 'pvqfntvyxw', 'result': 'dewuximtjtjwyfkqpygw', 'timestamp': '2022-01-09T18:51:16.953Z'}
2020-02-26 18:07:19,575 - basicLogger - INFO - {'patient_id': 'jyiyijktsv', 'result': 'wjxddqrnvywhftyrtbqs', 'timestamp': '2022-01-09T18:51:16.953Z'}
2020-02-26 18:07:19,672 - basicLogger - INFO - {'patient_id': 'fnwxrdiylk', 'result': 'kjqzktqdiwyqifmhmgtw', 'timestamp': '2022-01-09T18:51:16.953Z'}
2020-02-26 18:07:19,795 - basicLogger - INFO - {'patient_id': 'xnfkqupdga', 'result': 'cmeylrmcemtojfabbfwa', 'timestamp': '2022-01-09T18:51:16.953Z'}
2020-02-26 18:07:21,006 - basicLogger - INFO - {'patient_id': 'wadowbkkmd', 'bookingDate': '2021-01-09T18:51:16.953Z', 'surgeryDate': '2021-28-09T18:51:16.953Z'}
2020-02-26 18:07:21,051 - basicLogger - INFO - {'patient_id': 'sualgevzcd', 'bookingDate': '2021-01-09T18:51:16.953Z', 'surgeryDate': '2021-28-09T18:51:16.953Z'}
2020-02-26 18:07:21,279 - basicLogger - INFO - {'patient_id': 'qfprmsbyjk', 'bookingDate': '2021-01-09T18:51:16.953Z', 'surgeryDate': '2021-28-09T18:51:16.953Z'}
2020-02-26 18:07:21,368 - basicLogger - INFO - {'patient_id': 'rhmotftqgf', 'bookingDate': '2021-01-09T18:51:16.953Z', 'surgeryDate': '2021-28-09T18:51:16.953Z'}
2020-02-26 18:07:21,437 - basicLogger - INFO - {'patient_id': 'cchzzlwmwu', 'bookingDate': '2021-01-09T18:51:16.953Z', 'surgeryDate': '2021-28-09T18:51:16.953Z'}
2020-02-26 18:07:21,451 - basicLogger - INFO - {'patient_id': 'vzfurnrqlj', 'bookingDate': '2021-01-09T18:51:16.953Z', 'surgeryDate': '2021-28-09T18:51:16.953Z'}
2020-02-26 18:07:21,645 - basicLogger - INFO - {'patient_id': 'ykgaylbqod', 'bookingDate': '2021-01-09T18:51:16.953Z', 'surgeryDate': '2021-28-09T18:51:16.953Z'}
2020-02-26 18:07:21,747 - basicLogger - INFO - {'patient_id': 'udsmnxgrlg', 'bookingDate': '2021-01-09T18:51:16.953Z', 'surgeryDate': '2021-28-09T18:51:16.953Z'}
2020-02-26 18:07:21,854 - basicLogger - INFO - {'patient_id': 'bnagzqkcqv', 'bookingDate': '2021-01-09T18:51:16.953Z', 'surgeryDate': '2021-28-09T18:51:16.953Z'}
2020-02-26 18:07:23,062 - basicLogger - INFO - {'patient_id': 'enayxuacdt', 'result': 'capizkjpqipgifplcxcq', 'timestamp': '2022-01-09T18:51:16.953Z'}
2020-02-26 18:07:23,147 - basicLogger - INFO - {'patient_id': 'luhroycgzt', 'result': 'qlgwfdfpwocsepkvorvo', 'timestamp': '2022-01-09T18:51:16.953Z'}
2020-02-26 18:07:23,346 - basicLogger - INFO - {'patient_id': 'jqqdffwcsw', 'result': 'fhbultbqqkuqefvvreyy', 'timestamp': '2022-01-09T18:51:16.953Z'}
2020-02-26 18:07:23,434 - basicLogger - INFO - {'patient_id': 'tdikcweciw', 'result': 'acjmowitilcchasvrqul', 'timestamp': '2022-01-09T18:51:16.953Z'}
2020-02-26 18:07:23,503 - basicLogger - INFO - {'patient_id': 'knvoysrklq', 'result': 'jiswniquacofcbijpeqz', 'timestamp': '2022-01-09T18:51:16.953Z'}
2020-02-26 18:07:23,518 - basicLogger - INFO - {'patient_id': 'tqulvdbvyi', 'result': 'lmrdsyuxoxishcmgabsr', 'timestamp': '2022-01-09T18:51:16.953Z'}
2020-02-26 18:07:23,711 - basicLogger - INFO - {'patient_id': 'uovosooztj', 'result': 'zgqxlxwprjewtyfctmfr', 'timestamp': '2022-01-09T18:51:16.953Z'}
2020-02-26 18:07:23,791 - basicLogger - INFO - {'patient_id': 'vweftmtxrs', 'result': 'snrktvxwpakdcgcutbdk', 'timestamp': '2022-01-09T18:51:16.953Z'}
2020-02-26 18:07:23,894 - basicLogger - INFO - {'patient_id': 'eycnqqzpyx', 'result': 'zxljaumbnouqlnbpkizy', 'timestamp': '2022-01-09T18:51:16.953Z'}
2020-02-26 18:07:25,145 - basicLogger - INFO - {'patient_id': 'xjuxyoxrve', 'bookingDate': '2021-01-09T18:51:16.953Z', 'surgeryDate': '2021-28-09T18:51:16.953Z'}
2020-02-26 18:07:25,216 - basicLogger - INFO - {'patient_id': 'zqacvzlvre', 'bookingDate': '2021-01-09T18:51:16.953Z', 'surgeryDate': '2021-28-09T18:51:16.953Z'}
2020-02-26 18:07:25,433 - basicLogger - INFO - {'patient_id': 'gppdoeaoiw', 'bookingDate': '2021-01-09T18:51:16.953Z', 'surgeryDate': '2021-28-09T18:51:16.953Z'}
2020-02-26 18:07:25,531 - basicLogger - INFO - {'patient_id': 'pudvhsojnl', 'bookingDate': '2021-01-09T18:51:16.953Z', 'surgeryDate': '2021-28-09T18:51:16.953Z'}
2020-02-26 18:07:25,600 - basicLogger - INFO - {'patient_id': 'sbqmszblbd', 'bookingDate': '2021-01-09T18:51:16.953Z', 'surgeryDate': '2021-28-09T18:51:16.953Z'}
2020-02-26 18:07:25,609 - basicLogger - INFO - {'patient_id': 'ztxnapehfy', 'bookingDate': '2021-01-09T18:51:16.953Z', 'surgeryDate': '2021-28-09T18:51:16.953Z'}
2020-02-26 18:07:25,773 - basicLogger - INFO - {'patient_id': 'royqfzburx', 'bookingDate': '2021-01-09T18:51:16.953Z', 'surgeryDate': '2021-28-09T18:51:16.953Z'}
2020-02-26 18:07:25,864 - basicLogger - INFO - {'patient_id': 'kphdvrojkx', 'bookingDate': '2021-01-09T18:51:16.953Z', 'surgeryDate': '2021-28-09T18:51:16.953Z'}
2020-02-26 18:07:25,966 - basicLogger - INFO - {'patient_id': 'yvfgfpymgk', 'bookingDate': '2021-01-09T18:51:16.953Z', 'surgeryDate': '2021-28-09T18:51:16.953Z'}
2020-02-26 18:07:27,204 - basicLogger - INFO - {'patient_id': 'rxyznyrily', 'result': 'dsbzvfxciaaoceaycepp', 'timestamp': '2022-01-09T18:51:16.953Z'}
2020-02-26 18:07:27,288 - basicLogger - INFO - {'patient_id': 'zsclfbtubb', 'result': 'cgdyjbjwvdmovxlykaad', 'timestamp': '2022-01-09T18:51:16.953Z'}
2020-02-26 18:07:27,512 - basicLogger - INFO - {'patient_id': 'pdikmlzejy', 'result': 'fzcbbpqjolopezzmzbro', 'timestamp': '2022-01-09T18:51:16.953Z'}
2020-02-26 18:07:27,641 - basicLogger - INFO - {'patient_id': 'smtvplzdwk', 'result': 'ltlmqgufsffebvebsgqt', 'timestamp': '2022-01-09T18:51:16.953Z'}
2020-02-26 18:07:27,688 - basicLogger - INFO - {'patient_id': 'mvhbatronv', 'result': 'atzoxzptcbaggeajvyye', 'timestamp': '2022-01-09T18:51:16.953Z'}
2020-02-26 18:07:27,701 - basicLogger - INFO - {'patient_id': 'mjgafkcppw', 'result': 'cbkfvgzhfzsnecawygfo', 'timestamp': '2022-01-09T18:51:16.953Z'}
2020-02-26 18:07:27,829 - basicLogger - INFO - {'patient_id': 'cnljfhlglt', 'result': 'pmvkcffbjvmrjjpjcvor', 'timestamp': '2022-01-09T18:51:16.953Z'}
2020-02-26 18:07:27,938 - basicLogger - INFO - {'patient_id': 'wmxdpkyrxv', 'result': 'kuualnezctlebzcbxggo', 'timestamp': '2022-01-09T18:51:16.953Z'}
2020-02-26 18:07:28,040 - basicLogger - INFO - {'patient_id': 'oudwtkdmet', 'result': 'shjcujtfnjgwnavwmxch', 'timestamp': '2022-01-09T18:51:16.953Z'}
2020-02-26 18:07:29,253 - basicLogger - INFO - {'patient_id': 'ndiqjgchuo', 'bookingDate': '2021-01-09T18:51:16.953Z', 'surgeryDate': '2021-28-09T18:51:16.953Z'}
2020-02-26 18:07:29,338 - basicLogger - INFO - {'patient_id': 'vxnblntsrm', 'bookingDate': '2021-01-09T18:51:16.953Z', 'surgeryDate': '2021-28-09T18:51:16.953Z'}
2020-02-26 18:07:29,562 - basicLogger - INFO - {'patient_id': 'kpaqsccdur', 'bookingDate': '2021-01-09T18:51:16.953Z', 'surgeryDate': '2021-28-09T18:51:16.953Z'}
2020-02-26 18:07:29,685 - basicLogger - INFO - {'patient_id': 'rxtrtudmku', 'bookingDate': '2021-01-09T18:51:16.953Z', 'surgeryDate': '2021-28-09T18:51:16.953Z'}
2020-02-26 18:07:29,753 - basicLogger - INFO - {'patient_id': 'qbzmtzpghs', 'bookingDate': '2021-01-09T18:51:16.953Z', 'surgeryDate': '2021-28-09T18:51:16.953Z'}
2020-02-26 18:07:29,766 - basicLogger - INFO - {'patient_id': 'prcpumoqxi', 'bookingDate': '2021-01-09T18:51:16.953Z', 'surgeryDate': '2021-28-09T18:51:16.953Z'}
2020-02-26 18:07:29,868 - basicLogger - INFO - {'patient_id': 'bkgkmjgylk', 'bookingDate': '2021-01-09T18:51:16.953Z', 'surgeryDate': '2021-28-09T18:51:16.953Z'}
2020-02-26 18:07:29,981 - basicLogger - INFO - {'patient_id': 'yfytzroxit', 'bookingDate': '2021-01-09T18:51:16.953Z', 'surgeryDate': '2021-28-09T18:51:16.953Z'}
2020-02-26 18:07:30,114 - basicLogger - INFO - {'patient_id': 'xgancespcw', 'bookingDate': '2021-01-09T18:51:16.953Z', 'surgeryDate': '2021-28-09T18:51:16.953Z'}
2020-02-26 18:07:31,321 - basicLogger - INFO - {'patient_id': 'giowmwmibv', 'result': 'spxqapuynrxejcvglmlz', 'timestamp': '2022-01-09T18:51:16.953Z'}
2020-02-26 18:07:31,421 - basicLogger - INFO - {'patient_id': 'pevcevoctx', 'result': 'jmtzzbzzgurnpzmlmdin', 'timestamp': '2022-01-09T18:51:16.953Z'}
2020-02-26 18:07:31,629 - basicLogger - INFO - {'patient_id': 'jmzqoqceee', 'result': 'lfqxlmfzjtgibhphqwzh', 'timestamp': '2022-01-09T18:51:16.953Z'}
2020-02-26 18:07:31,757 - basicLogger - INFO - {'patient_id': 'flzodxwrhy', 'result': 'akcznrbirxhdmhcdmpft', 'timestamp': '2022-01-09T18:51:16.953Z'}
2020-02-26 18:07:31,838 - basicLogger - INFO - {'patient_id': 'vjfgklopkk', 'result': 'vvuiozzfcthndbczfgtq', 'timestamp': '2022-01-09T18:51:16.953Z'}
2020-02-26 18:07:31,853 - basicLogger - INFO - {'patient_id': 'jphlacpagj', 'result': 'pgdulufsseqkebrwatxk', 'timestamp': '2022-01-09T18:51:16.953Z'}
2020-02-26 18:07:31,942 - basicLogger - INFO - {'patient_id': 'suzirvpudd', 'result': 'rmwqxvmrzhqczngffqca', 'timestamp': '2022-01-09T18:51:16.953Z'}
2020-02-26 18:07:32,039 - basicLogger - INFO - {'patient_id': 'trohnxgxyk', 'result': 'holxrsomvcyeiebgcfre', 'timestamp': '2022-01-09T18:51:16.953Z'}
2020-02-26 18:07:32,171 - basicLogger - INFO - {'patient_id': 'uiwtlpmezg', 'result': 'gabykltagpmbkyvbuzvg', 'timestamp': '2022-01-09T18:51:16.953Z'}
2020-02-26 18:07:33,379 - basicLogger - INFO - {'patient_id': 'lxzgjalxao', 'bookingDate': '2021-01-09T18:51:16.953Z', 'surgeryDate': '2021-28-09T18:51:16.953Z'}
2020-02-26 18:07:33,485 - basicLogger - INFO - {'patient_id': 'qkrcnnyuol', 'bookingDate': '2021-01-09T18:51:16.953Z', 'surgeryDate': '2021-28-09T18:51:16.953Z'}
2020-02-26 18:07:33,697 - basicLogger - INFO - {'patient_id': 'mlbutglphm', 'bookingDate': '2021-01-09T18:51:16.953Z', 'surgeryDate': '2021-28-09T18:51:16.953Z'}
2020-02-26 18:07:33,806 - basicLogger - INFO - {'patient_id': 'wfnimpdbdg', 'bookingDate': '2021-01-09T18:51:16.953Z', 'surgeryDate': '2021-28-09T18:51:16.953Z'}
2020-02-26 18:07:33,911 - basicLogger - INFO - {'patient_id': 'zyxvhyblht', 'bookingDate': '2021-01-09T18:51:16.953Z', 'surgeryDate': '2021-28-09T18:51:16.953Z'}
2020-02-26 18:07:33,925 - basicLogger - INFO - {'patient_id': 'fmualtwtzj', 'bookingDate': '2021-01-09T18:51:16.953Z', 'surgeryDate': '2021-28-09T18:51:16.953Z'}
2020-02-26 18:07:34,007 - basicLogger - INFO - {'patient_id': 'jycevqqpvw', 'bookingDate': '2021-01-09T18:51:16.953Z', 'surgeryDate': '2021-28-09T18:51:16.953Z'}
2020-02-26 18:07:34,116 - basicLogger - INFO - {'patient_id': 'mblypypzrv', 'bookingDate': '2021-01-09T18:51:16.953Z', 'surgeryDate': '2021-28-09T18:51:16.953Z'}
2020-02-26 18:07:34,242 - basicLogger - INFO - {'patient_id': 'zlvqmuroby', 'bookingDate': '2021-01-09T18:51:16.953Z', 'surgeryDate': '2021-28-09T18:51:16.953Z'}
2020-02-26 18:07:35,441 - basicLogger - INFO - {'patient_id': 'jildmmcjvf', 'result': 'wlgwjhrmzphvmacmvrdm', 'timestamp': '2022-01-09T18:51:16.953Z'}
2020-02-26 18:07:35,528 - basicLogger - INFO - {'patient_id': 'jkooxjpeeu', 'result': 'xeacvdpojcdkxjbrauep', 'timestamp': '2022-01-09T18:51:16.953Z'}
2020-02-26 18:07:35,765 - basicLogger - INFO - {'patient_id': 'lxlsbkoesp', 'result': 'yojawxacukqxgyqeksqw', 'timestamp': '2022-01-09T18:51:16.953Z'}
2020-02-26 18:07:35,873 - basicLogger - INFO - {'patient_id': 'wtwxrgohcu', 'result': 'chwpxcothzlsonpbaugw', 'timestamp': '2022-01-09T18:51:16.953Z'}
2020-02-26 18:07:35,966 - basicLogger - INFO - {'patient_id': 'ztedflshnx', 'result': 'ifqywcghbuxdygmajypr', 'timestamp': '2022-01-09T18:51:16.953Z'}
2020-02-26 18:07:35,995 - basicLogger - INFO - {'patient_id': 'bztehfyjxe', 'result': 'xtcqombztsxcyjpzlpdd', 'timestamp': '2022-01-09T18:51:16.953Z'}
2020-02-26 18:07:36,066 - basicLogger - INFO - {'patient_id': 'qmufbyezfz', 'result': 'gwzettowvjqnxrwoisxn', 'timestamp': '2022-01-09T18:51:16.953Z'}
2020-02-26 18:07:36,193 - basicLogger - INFO - {'patient_id': 'duvlztmijp', 'result': 'vmbswyfmostkahudqgji', 'timestamp': '2022-01-09T18:51:16.953Z'}
2020-02-26 18:07:36,297 - basicLogger - INFO - {'patient_id': 'bnwvasurmo', 'result': 'kzmamceggtvamtvtxbif', 'timestamp': '2022-01-09T18:51:16.953Z'}
2020-02-26 18:07:37,505 - basicLogger - INFO - {'patient_id': 'wajgaypcje', 'bookingDate': '2021-01-09T18:51:16.953Z', 'surgeryDate': '2021-28-09T18:51:16.953Z'}
2020-02-26 18:07:37,596 - basicLogger - INFO - {'patient_id': 'ttoxopjhlz', 'bookingDate': '2021-01-09T18:51:16.953Z', 'surgeryDate': '2021-28-09T18:51:16.953Z'}
2020-02-26 18:07:37,821 - basicLogger - INFO - {'patient_id': 'bmgpcfgxcn', 'bookingDate': '2021-01-09T18:51:16.953Z', 'surgeryDate': '2021-28-09T18:51:16.953Z'}
2020-02-26 18:07:37,934 - basicLogger - INFO - {'patient_id': 'frfphkkiuh', 'bookingDate': '2021-01-09T18:51:16.953Z', 'surgeryDate': '2021-28-09T18:51:16.953Z'}
2020-02-26 18:07:38,042 - basicLogger - INFO - {'patient_id': 'lwskcgiokq', 'bookingDate': '2021-01-09T18:51:16.953Z', 'surgeryDate': '2021-28-09T18:51:16.953Z'}
2020-02-26 18:07:38,055 - basicLogger - INFO - {'patient_id': 'ezvwwvzozl', 'bookingDate': '2021-01-09T18:51:16.953Z', 'surgeryDate': '2021-28-09T18:51:16.953Z'}
2020-02-26 18:07:38,125 - basicLogger - INFO - {'patient_id': 'npclwcekzl', 'bookingDate': '2021-01-09T18:51:16.953Z', 'surgeryDate': '2021-28-09T18:51:16.953Z'}
2020-02-26 18:07:38,253 - basicLogger - INFO - {'patient_id': 'xfqxidlytv', 'bookingDate': '2021-01-09T18:51:16.953Z', 'surgeryDate': '2021-28-09T18:51:16.953Z'}
2020-02-26 18:07:38,359 - basicLogger - INFO - {'patient_id': 'veotzbuobp', 'bookingDate': '2021-01-09T18:51:16.953Z', 'surgeryDate': '2021-28-09T18:51:16.953Z'}
2020-02-26 18:07:43,377 - basicLogger - INFO - {'patient_id': 'yhjkpogtsd', 'result': 'ptjsqbytulkkvedfpenc', 'timestamp': '2022-01-09T18:51:16.953Z'}
2020-02-26 18:07:50,456 - basicLogger - INFO - {'patient_id': 'rwdhxozplt', 'bookingDate': '2021-01-09T18:51:16.953Z', 'surgeryDate': '2021-28-09T18:51:16.953Z'}
2020-02-26 18:07:55,468 - basicLogger - INFO - {'patient_id': 'hinejgbblt', 'result': 'rctatumvjjorhultmddp', 'timestamp': '2022-01-09T18:51:16.953Z'}
2020-02-26 18:08:02,533 - basicLogger - INFO - {'patient_id': 'vhleglplaz', 'bookingDate': '2021-01-09T18:51:16.953Z', 'surgeryDate': '2021-28-09T18:51:16.953Z'}
2020-02-26 18:08:07,566 - basicLogger - INFO - {'patient_id': 'xqmihytlxy', 'result': 'nqshbtltnwrfyflqsoyt', 'timestamp': '2022-01-09T18:51:16.953Z'}
2020-02-26 18:08:14,631 - basicLogger - INFO - {'patient_id': 'ilonpdfhcy', 'bookingDate': '2021-01-09T18:51:16.953Z', 'surgeryDate': '2021-28-09T18:51:16.953Z'}
2020-02-26 18:08:19,664 - basicLogger - INFO - {'patient_id': 'pejbjosfdx', 'result': 'xdbxobntvfrufkvfsfsy', 'timestamp': '2022-01-09T18:51:16.953Z'}
2020-02-26 18:08:26,714 - basicLogger - INFO - {'patient_id': 'cdqornrmqm', 'bookingDate': '2021-01-09T18:51:16.953Z', 'surgeryDate': '2021-28-09T18:51:16.953Z'}
2020-02-26 18:08:33,765 - basicLogger - INFO - {'patient_id': 'sciiuewqyt', 'result': 'svkxflzindvypiusjskq', 'timestamp': '2022-01-09T18:51:16.953Z'}
2020-02-26 18:08:40,828 - basicLogger - INFO - {'patient_id': 'pkdaukvgdr', 'bookingDate': '2021-01-09T18:51:16.953Z', 'surgeryDate': '2021-28-09T18:51:16.953Z'}
2020-02-26 18:08:45,842 - basicLogger - INFO - {'patient_id': 'rjykbxnozi', 'result': 'vveikmqluclvszlppxyv', 'timestamp': '2022-01-09T18:51:16.953Z'}
2020-02-26 18:08:52,908 - basicLogger - INFO - {'patient_id': 'detdtmsuig', 'bookingDate': '2021-01-09T18:51:16.953Z', 'surgeryDate': '2021-28-09T18:51:16.953Z'}
2020-02-26 18:08:57,924 - basicLogger - INFO - {'patient_id': 'hldxqmrzog', 'result': 'bfqssbiyzlsozlvvcylj', 'timestamp': '2022-01-09T18:51:16.953Z'}
2020-02-26 18:09:04,991 - basicLogger - INFO - {'patient_id': 'scpkhbfzjr', 'bookingDate': '2021-01-09T18:51:16.953Z', 'surgeryDate': '2021-28-09T18:51:16.953Z'}
2020-02-26 18:09:10,023 - basicLogger - INFO - {'patient_id': 'fwgikkqrhp', 'result': 'ardsksyixmxhiewldizf', 'timestamp': '2022-01-09T18:51:16.953Z'}
2020-02-26 18:09:17,071 - basicLogger - INFO - {'patient_id': 'rhnodbnoip', 'bookingDate': '2021-01-09T18:51:16.953Z', 'surgeryDate': '2021-28-09T18:51:16.953Z'}
2020-02-26 18:09:22,110 - basicLogger - INFO - {'patient_id': 'wqtvpxlspm', 'result': 'mmqfirpxwweclnrghmwh', 'timestamp': '2022-01-09T18:51:16.953Z'}
2020-02-26 18:09:29,153 - basicLogger - INFO - {'patient_id': 'glojulqeru', 'bookingDate': '2021-01-09T18:51:16.953Z', 'surgeryDate': '2021-28-09T18:51:16.953Z'}
2020-02-26 18:09:34,167 - basicLogger - INFO - {'patient_id': 'lcmpzexoas', 'result': 'njkaczddkwnlggvgtzwa', 'timestamp': '2022-01-09T18:51:16.953Z'}
2020-02-26 18:09:41,225 - basicLogger - INFO - {'patient_id': 'midintttka', 'bookingDate': '2021-01-09T18:51:16.953Z', 'surgeryDate': '2021-28-09T18:51:16.953Z'}
